{"/Users/osannadeng/bitequest/app/+html.tsx": {"path":"/Users/osannadeng/bitequest/app/+html.tsx","statementMap":{"0":{"start":{"line":8,"column":2},"end":{"line":30,"column":4}},"1":{"start":{"line":33,"column":29},"end":{"line":41,"column":2}}},"fnMap":{"0":{"name":"Root","decl":{"start":{"line":7,"column":24},"end":{"line":7,"column":28}},"loc":{"start":{"line":7,"column":74},"end":{"line":31,"column":1}},"line":7}},"branchMap":{},"s":{"0":0,"1":0},"f":{"0":0},"b":{}}
,"/Users/osannadeng/bitequest/app/+not-found.tsx": {"path":"/Users/osannadeng/bitequest/app/+not-found.tsx","statementMap":{"0":{"start":{"line":7,"column":2},"end":{"line":18,"column":4}},"1":{"start":{"line":21,"column":15},"end":{"line":40,"column":2}}},"fnMap":{"0":{"name":"NotFoundScreen","decl":{"start":{"line":6,"column":24},"end":{"line":6,"column":38}},"loc":{"start":{"line":6,"column":41},"end":{"line":19,"column":1}},"line":6}},"branchMap":{},"s":{"0":0,"1":0},"f":{"0":0},"b":{}}
,"/Users/osannadeng/bitequest/app/_layout.tsx": {"path":"/Users/osannadeng/bitequest/app/_layout.tsx","statementMap":{"0":{"start":{"line":23,"column":33},"end":{"line":26,"column":1}},"1":{"start":{"line":29,"column":0},"end":{"line":29,"column":36}},"2":{"start":{"line":32,"column":26},"end":{"line":35,"column":4}},"3":{"start":{"line":38,"column":2},"end":{"line":40,"column":14}},"4":{"start":{"line":39,"column":4},"end":{"line":39,"column":27}},"5":{"start":{"line":39,"column":15},"end":{"line":39,"column":27}},"6":{"start":{"line":42,"column":2},"end":{"line":46,"column":15}},"7":{"start":{"line":43,"column":4},"end":{"line":45,"column":5}},"8":{"start":{"line":44,"column":6},"end":{"line":44,"column":31}},"9":{"start":{"line":48,"column":2},"end":{"line":50,"column":3}},"10":{"start":{"line":49,"column":4},"end":{"line":49,"column":16}},"11":{"start":{"line":52,"column":2},"end":{"line":52,"column":27}},"12":{"start":{"line":56,"column":22},"end":{"line":56,"column":38}},"13":{"start":{"line":58,"column":2},"end":{"line":77,"column":4}}},"fnMap":{"0":{"name":"RootLayout","decl":{"start":{"line":31,"column":24},"end":{"line":31,"column":34}},"loc":{"start":{"line":31,"column":37},"end":{"line":53,"column":1}},"line":31},"1":{"name":"(anonymous_1)","decl":{"start":{"line":38,"column":12},"end":{"line":38,"column":13}},"loc":{"start":{"line":38,"column":18},"end":{"line":40,"column":3}},"line":38},"2":{"name":"(anonymous_2)","decl":{"start":{"line":42,"column":12},"end":{"line":42,"column":13}},"loc":{"start":{"line":42,"column":18},"end":{"line":46,"column":3}},"line":42},"3":{"name":"RootLayoutNav","decl":{"start":{"line":55,"column":9},"end":{"line":55,"column":22}},"loc":{"start":{"line":55,"column":25},"end":{"line":78,"column":1}},"line":55}},"branchMap":{"0":{"loc":{"start":{"line":39,"column":4},"end":{"line":39,"column":27}},"type":"if","locations":[{"start":{"line":39,"column":4},"end":{"line":39,"column":27}},{"start":{},"end":{}}],"line":39},"1":{"loc":{"start":{"line":43,"column":4},"end":{"line":45,"column":5}},"type":"if","locations":[{"start":{"line":43,"column":4},"end":{"line":45,"column":5}},{"start":{},"end":{}}],"line":43},"2":{"loc":{"start":{"line":48,"column":2},"end":{"line":50,"column":3}},"type":"if","locations":[{"start":{"line":48,"column":2},"end":{"line":50,"column":3}},{"start":{},"end":{}}],"line":48},"3":{"loc":{"start":{"line":60,"column":28},"end":{"line":60,"column":77}},"type":"cond-expr","locations":[{"start":{"line":60,"column":53},"end":{"line":60,"column":62}},{"start":{"line":60,"column":65},"end":{"line":60,"column":77}}],"line":60}},"s":{"0":0,"1":0,"2":0,"3":0,"4":0,"5":0,"6":0,"7":0,"8":0,"9":0,"10":0,"11":0,"12":0,"13":0},"f":{"0":0,"1":0,"2":0,"3":0},"b":{"0":[0,0],"1":[0,0],"2":[0,0],"3":[0,0]}}
,"/Users/osannadeng/bitequest/app/appprovider.tsx": {"path":"/Users/osannadeng/bitequest/app/appprovider.tsx","statementMap":{"0":{"start":{"line":4,"column":20},"end":{"line":10,"column":2}},"1":{"start":{"line":12,"column":27},"end":{"line":20,"column":1}},"2":{"start":{"line":13,"column":26},"end":{"line":13,"column":53}},"3":{"start":{"line":15,"column":2},"end":{"line":19,"column":4}},"4":{"start":{"line":22,"column":23},"end":{"line":22,"column":52}},"5":{"start":{"line":22,"column":29},"end":{"line":22,"column":52}}},"fnMap":{"0":{"name":"(anonymous_0)","decl":{"start":{"line":9,"column":11},"end":{"line":9,"column":12}},"loc":{"start":{"line":9,"column":17},"end":{"line":9,"column":19}},"line":9},"1":{"name":"(anonymous_1)","decl":{"start":{"line":12,"column":27},"end":{"line":12,"column":28}},"loc":{"start":{"line":12,"column":45},"end":{"line":20,"column":1}},"line":12},"2":{"name":"(anonymous_2)","decl":{"start":{"line":22,"column":23},"end":{"line":22,"column":24}},"loc":{"start":{"line":22,"column":29},"end":{"line":22,"column":52}},"line":22}},"branchMap":{},"s":{"0":0,"1":0,"2":0,"3":0,"4":0,"5":0},"f":{"0":0,"1":0,"2":0},"b":{}}
,"/Users/osannadeng/bitequest/app/forgotpassword.tsx": {"path":"/Users/osannadeng/bitequest/app/forgotpassword.tsx","statementMap":{"0":{"start":{"line":12,"column":17},"end":{"line":12,"column":28}},"1":{"start":{"line":13,"column":28},"end":{"line":13,"column":40}},"2":{"start":{"line":14,"column":15},"end":{"line":14,"column":22}},"3":{"start":{"line":15,"column":24},"end":{"line":23,"column":3}},"4":{"start":{"line":16,"column":4},"end":{"line":22,"column":5}},"5":{"start":{"line":17,"column":6},"end":{"line":17,"column":48}},"6":{"start":{"line":18,"column":6},"end":{"line":18,"column":60}},"7":{"start":{"line":19,"column":6},"end":{"line":19,"column":33}},"8":{"start":{"line":21,"column":6},"end":{"line":21,"column":67}},"9":{"start":{"line":24,"column":2},"end":{"line":54,"column":4}}},"fnMap":{"0":{"name":"ForgotPassword","decl":{"start":{"line":11,"column":24},"end":{"line":11,"column":38}},"loc":{"start":{"line":11,"column":41},"end":{"line":55,"column":1}},"line":11},"1":{"name":"(anonymous_1)","decl":{"start":{"line":15,"column":24},"end":{"line":15,"column":25}},"loc":{"start":{"line":15,"column":36},"end":{"line":23,"column":3}},"line":15}},"branchMap":{},"s":{"0":0,"1":0,"2":0,"3":0,"4":0,"5":0,"6":0,"7":0,"8":0,"9":0},"f":{"0":0,"1":0},"b":{}}
,"/Users/osannadeng/bitequest/app/index.tsx": {"path":"/Users/osannadeng/bitequest/app/index.tsx","statementMap":{"0":{"start":{"line":7,"column":29},"end":{"line":9,"column":1}},"1":{"start":{"line":12,"column":17},"end":{"line":12,"column":28}},"2":{"start":{"line":14,"column":18},"end":{"line":17,"column":4}},"3":{"start":{"line":19,"column":2},"end":{"line":24,"column":15}},"4":{"start":{"line":20,"column":18},"end":{"line":22,"column":12}},"5":{"start":{"line":21,"column":6},"end":{"line":21,"column":33}},"6":{"start":{"line":23,"column":4},"end":{"line":23,"column":37}},"7":{"start":{"line":23,"column":17},"end":{"line":23,"column":36}},"8":{"start":{"line":26,"column":2},"end":{"line":34,"column":4}}},"fnMap":{"0":{"name":"Loading","decl":{"start":{"line":11,"column":24},"end":{"line":11,"column":31}},"loc":{"start":{"line":11,"column":34},"end":{"line":35,"column":1}},"line":11},"1":{"name":"(anonymous_1)","decl":{"start":{"line":19,"column":12},"end":{"line":19,"column":13}},"loc":{"start":{"line":19,"column":18},"end":{"line":24,"column":3}},"line":19},"2":{"name":"(anonymous_2)","decl":{"start":{"line":20,"column":29},"end":{"line":20,"column":30}},"loc":{"start":{"line":20,"column":35},"end":{"line":22,"column":5}},"line":20},"3":{"name":"(anonymous_3)","decl":{"start":{"line":23,"column":11},"end":{"line":23,"column":12}},"loc":{"start":{"line":23,"column":17},"end":{"line":23,"column":36}},"line":23}},"branchMap":{},"s":{"0":1,"1":2,"2":2,"3":2,"4":1,"5":0,"6":1,"7":1,"8":2},"f":{"0":2,"1":1,"2":0,"3":1},"b":{},"_coverageSchema":"1a1c01bbd47fc00a2c39e90264f33305004495a9","hash":"a70fe6e3056ef7e9cccd1387661e3df44881039e"}
,"/Users/osannadeng/bitequest/app/login.tsx": {"path":"/Users/osannadeng/bitequest/app/login.tsx","statementMap":{"0":{"start":{"line":18,"column":17},"end":{"line":18,"column":28}},"1":{"start":{"line":19,"column":42},"end":{"line":19,"column":63}},"2":{"start":{"line":20,"column":28},"end":{"line":20,"column":40}},"3":{"start":{"line":21,"column":34},"end":{"line":21,"column":46}},"4":{"start":{"line":22,"column":22},"end":{"line":22,"column":31}},"5":{"start":{"line":23,"column":15},"end":{"line":23,"column":22}},"6":{"start":{"line":25,"column":28},"end":{"line":27,"column":4}},"7":{"start":{"line":29,"column":17},"end":{"line":50,"column":3}},"8":{"start":{"line":30,"column":4},"end":{"line":49,"column":5}},"9":{"start":{"line":31,"column":23},"end":{"line":31,"column":78}},"10":{"start":{"line":32,"column":6},"end":{"line":32,"column":56}},"11":{"start":{"line":32,"column":26},"end":{"line":32,"column":56}},"12":{"start":{"line":33,"column":19},"end":{"line":33,"column":57}},"13":{"start":{"line":34,"column":6},"end":{"line":42,"column":7}},"14":{"start":{"line":35,"column":20},"end":{"line":35,"column":37}},"15":{"start":{"line":36,"column":21},"end":{"line":36,"column":52}},"16":{"start":{"line":37,"column":24},"end":{"line":37,"column":50}},"17":{"start":{"line":38,"column":8},"end":{"line":38,"column":37}},"18":{"start":{"line":39,"column":8},"end":{"line":39,"column":25}},"19":{"start":{"line":41,"column":8},"end":{"line":41,"column":22}},"20":{"start":{"line":43,"column":6},"end":{"line":43,"column":66}},"21":{"start":{"line":44,"column":6},"end":{"line":44,"column":33}},"22":{"start":{"line":45,"column":6},"end":{"line":45,"column":64}},"23":{"start":{"line":47,"column":6},"end":{"line":47,"column":49}},"24":{"start":{"line":48,"column":6},"end":{"line":48,"column":79}},"25":{"start":{"line":53,"column":4},"end":{"line":59,"column":6}},"26":{"start":{"line":54,"column":6},"end":{"line":54,"column":61}},"27":{"start":{"line":55,"column":6},"end":{"line":58,"column":10}},"28":{"start":{"line":55,"column":26},"end":{"line":58,"column":7}},"29":{"start":{"line":62,"column":2},"end":{"line":144,"column":4}},"30":{"start":{"line":80,"column":36},"end":{"line":80,"column":50}},"31":{"start":{"line":92,"column":38},"end":{"line":92,"column":55}},"32":{"start":{"line":98,"column":31},"end":{"line":98,"column":61}},"33":{"start":{"line":126,"column":38},"end":{"line":126,"column":68}},"34":{"start":{"line":138,"column":36},"end":{"line":138,"column":58}}},"fnMap":{"0":{"name":"LogIn","decl":{"start":{"line":17,"column":24},"end":{"line":17,"column":29}},"loc":{"start":{"line":17,"column":32},"end":{"line":145,"column":1}},"line":17},"1":{"name":"(anonymous_1)","decl":{"start":{"line":29,"column":17},"end":{"line":29,"column":18}},"loc":{"start":{"line":29,"column":29},"end":{"line":50,"column":3}},"line":29},"2":{"name":"toggleCheckedState","decl":{"start":{"line":52,"column":11},"end":{"line":52,"column":29}},"loc":{"start":{"line":52,"column":55},"end":{"line":60,"column":3}},"line":52},"3":{"name":"(anonymous_3)","decl":{"start":{"line":53,"column":11},"end":{"line":53,"column":12}},"loc":{"start":{"line":53,"column":17},"end":{"line":59,"column":5}},"line":53},"4":{"name":"(anonymous_4)","decl":{"start":{"line":55,"column":15},"end":{"line":55,"column":16}},"loc":{"start":{"line":55,"column":26},"end":{"line":58,"column":7}},"line":55},"5":{"name":"(anonymous_5)","decl":{"start":{"line":80,"column":26},"end":{"line":80,"column":27}},"loc":{"start":{"line":80,"column":36},"end":{"line":80,"column":50}},"line":80},"6":{"name":"(anonymous_6)","decl":{"start":{"line":92,"column":28},"end":{"line":92,"column":29}},"loc":{"start":{"line":92,"column":38},"end":{"line":92,"column":55}},"line":92},"7":{"name":"(anonymous_7)","decl":{"start":{"line":98,"column":25},"end":{"line":98,"column":26}},"loc":{"start":{"line":98,"column":31},"end":{"line":98,"column":61}},"line":98},"8":{"name":"(anonymous_8)","decl":{"start":{"line":126,"column":32},"end":{"line":126,"column":33}},"loc":{"start":{"line":126,"column":38},"end":{"line":126,"column":68}},"line":126},"9":{"name":"(anonymous_9)","decl":{"start":{"line":138,"column":30},"end":{"line":138,"column":31}},"loc":{"start":{"line":138,"column":36},"end":{"line":138,"column":58}},"line":138}},"branchMap":{"0":{"loc":{"start":{"line":32,"column":6},"end":{"line":32,"column":56}},"type":"if","locations":[{"start":{"line":32,"column":6},"end":{"line":32,"column":56}},{"start":{},"end":{}}],"line":32},"1":{"loc":{"start":{"line":34,"column":6},"end":{"line":42,"column":7}},"type":"if","locations":[{"start":{"line":34,"column":6},"end":{"line":42,"column":7}},{"start":{"line":40,"column":13},"end":{"line":42,"column":7}}],"line":34},"2":{"loc":{"start":{"line":36,"column":21},"end":{"line":36,"column":52}},"type":"binary-expr","locations":[{"start":{"line":36,"column":21},"end":{"line":36,"column":46}},{"start":{"line":36,"column":50},"end":{"line":36,"column":52}}],"line":36},"3":{"loc":{"start":{"line":102,"column":26},"end":{"line":102,"column":58}},"type":"cond-expr","locations":[{"start":{"line":102,"column":41},"end":{"line":102,"column":46}},{"start":{"line":102,"column":49},"end":{"line":102,"column":58}}],"line":102}},"s":{"0":0,"1":0,"2":0,"3":0,"4":0,"5":0,"6":0,"7":0,"8":0,"9":0,"10":0,"11":0,"12":0,"13":0,"14":0,"15":0,"16":0,"17":0,"18":0,"19":0,"20":0,"21":0,"22":0,"23":0,"24":0,"25":0,"26":0,"27":0,"28":0,"29":0,"30":0,"31":0,"32":0,"33":0,"34":0},"f":{"0":0,"1":0,"2":0,"3":0,"4":0,"5":0,"6":0,"7":0,"8":0,"9":0},"b":{"0":[0,0],"1":[0,0],"2":[0,0],"3":[0,0]}}
,"/Users/osannadeng/bitequest/app/modal.tsx": {"path":"/Users/osannadeng/bitequest/app/modal.tsx","statementMap":{"0":{"start":{"line":8,"column":2},"end":{"line":21,"column":4}},"1":{"start":{"line":24,"column":15},"end":{"line":39,"column":2}}},"fnMap":{"0":{"name":"ModalScreen","decl":{"start":{"line":7,"column":24},"end":{"line":7,"column":35}},"loc":{"start":{"line":7,"column":38},"end":{"line":22,"column":1}},"line":7}},"branchMap":{"0":{"loc":{"start":{"line":19,"column":24},"end":{"line":19,"column":64}},"type":"cond-expr","locations":[{"start":{"line":19,"column":48},"end":{"line":19,"column":55}},{"start":{"line":19,"column":58},"end":{"line":19,"column":64}}],"line":19}},"s":{"0":0,"1":0},"f":{"0":0},"b":{"0":[0,0]}}
,"/Users/osannadeng/bitequest/app/review.tsx": {"path":"/Users/osannadeng/bitequest/app/review.tsx","statementMap":{"0":{"start":{"line":42,"column":6},"end":{"line":42,"column":17}},"1":{"start":{"line":43,"column":17},"end":{"line":43,"column":28}},"2":{"start":{"line":45,"column":2},"end":{"line":172,"column":4}},"3":{"start":{"line":48,"column":31},"end":{"line":48,"column":57}},"4":{"start":{"line":70,"column":30},"end":{"line":70,"column":34}},"5":{"start":{"line":83,"column":22},"end":{"line":83,"column":42}},"6":{"start":{"line":84,"column":22},"end":{"line":84,"column":46}},"7":{"start":{"line":92,"column":46},"end":{"line":92,"column":59}},"8":{"start":{"line":101,"column":24},"end":{"line":113,"column":43}},"9":{"start":{"line":102,"column":41},"end":{"line":102,"column":63}},"10":{"start":{"line":124,"column":20},"end":{"line":130,"column":22}},"11":{"start":{"line":129,"column":37},"end":{"line":129,"column":52}}},"fnMap":{"0":{"name":"Review","decl":{"start":{"line":24,"column":24},"end":{"line":24,"column":30}},"loc":{"start":{"line":24,"column":33},"end":{"line":173,"column":1}},"line":24},"1":{"name":"(anonymous_1)","decl":{"start":{"line":48,"column":25},"end":{"line":48,"column":26}},"loc":{"start":{"line":48,"column":31},"end":{"line":48,"column":57}},"line":48},"2":{"name":"(anonymous_2)","decl":{"start":{"line":70,"column":24},"end":{"line":70,"column":25}},"loc":{"start":{"line":70,"column":30},"end":{"line":70,"column":34}},"line":70},"3":{"name":"(anonymous_3)","decl":{"start":{"line":82,"column":34},"end":{"line":82,"column":35}},"loc":{"start":{"line":82,"column":44},"end":{"line":85,"column":21}},"line":82},"4":{"name":"(anonymous_4)","decl":{"start":{"line":92,"column":36},"end":{"line":92,"column":37}},"loc":{"start":{"line":92,"column":46},"end":{"line":92,"column":59}},"line":92},"5":{"name":"(anonymous_5)","decl":{"start":{"line":100,"column":34},"end":{"line":100,"column":35}},"loc":{"start":{"line":101,"column":24},"end":{"line":113,"column":43}},"line":101},"6":{"name":"(anonymous_6)","decl":{"start":{"line":102,"column":35},"end":{"line":102,"column":36}},"loc":{"start":{"line":102,"column":41},"end":{"line":102,"column":63}},"line":102},"7":{"name":"(anonymous_7)","decl":{"start":{"line":123,"column":39},"end":{"line":123,"column":40}},"loc":{"start":{"line":124,"column":20},"end":{"line":130,"column":22}},"line":124},"8":{"name":"(anonymous_8)","decl":{"start":{"line":129,"column":31},"end":{"line":129,"column":32}},"loc":{"start":{"line":129,"column":37},"end":{"line":129,"column":52}},"line":129}},"branchMap":{"0":{"loc":{"start":{"line":65,"column":20},"end":{"line":65,"column":64}},"type":"cond-expr","locations":[{"start":{"line":65,"column":44},"end":{"line":65,"column":53}},{"start":{"line":65,"column":56},"end":{"line":65,"column":64}}],"line":65},"1":{"loc":{"start":{"line":89,"column":19},"end":{"line":116,"column":19}},"type":"binary-expr","locations":[{"start":{"line":89,"column":19},"end":{"line":89,"column":30}},{"start":{"line":89,"column":34},"end":{"line":89,"column":58}},{"start":{"line":90,"column":20},"end":{"line":115,"column":22}}],"line":89},"2":{"loc":{"start":{"line":128,"column":29},"end":{"line":128,"column":63}},"type":"cond-expr","locations":[{"start":{"line":128,"column":46},"end":{"line":128,"column":54}},{"start":{"line":128,"column":57},"end":{"line":128,"column":63}}],"line":128},"3":{"loc":{"start":{"line":154,"column":17},"end":{"line":159,"column":17}},"type":"binary-expr","locations":[{"start":{"line":154,"column":17},"end":{"line":154,"column":25}},{"start":{"line":155,"column":18},"end":{"line":158,"column":20}}],"line":154}},"s":{"0":0,"1":0,"2":0,"3":0,"4":0,"5":0,"6":0,"7":0,"8":0,"9":0,"10":0,"11":0},"f":{"0":0,"1":0,"2":0,"3":0,"4":0,"5":0,"6":0,"7":0,"8":0},"b":{"0":[0,0],"1":[0,0,0],"2":[0,0],"3":[0,0]}}
,"/Users/osannadeng/bitequest/app/signup.tsx": {"path":"/Users/osannadeng/bitequest/app/signup.tsx","statementMap":{"0":{"start":{"line":15,"column":42},"end":{"line":15,"column":63}},"1":{"start":{"line":16,"column":17},"end":{"line":16,"column":28}},"2":{"start":{"line":17,"column":26},"end":{"line":17,"column":38}},"3":{"start":{"line":18,"column":28},"end":{"line":18,"column":40}},"4":{"start":{"line":19,"column":34},"end":{"line":19,"column":46}},"5":{"start":{"line":20,"column":48},"end":{"line":20,"column":60}},"6":{"start":{"line":21,"column":22},"end":{"line":21,"column":31}},"7":{"start":{"line":22,"column":15},"end":{"line":22,"column":22}},"8":{"start":{"line":24,"column":17},"end":{"line":47,"column":3}},"9":{"start":{"line":25,"column":4},"end":{"line":28,"column":5}},"10":{"start":{"line":26,"column":6},"end":{"line":26,"column":57}},"11":{"start":{"line":27,"column":6},"end":{"line":27,"column":13}},"12":{"start":{"line":29,"column":4},"end":{"line":46,"column":5}},"13":{"start":{"line":30,"column":23},"end":{"line":34,"column":7}},"14":{"start":{"line":35,"column":18},"end":{"line":35,"column":35}},"15":{"start":{"line":36,"column":19},"end":{"line":36,"column":45}},"16":{"start":{"line":37,"column":6},"end":{"line":37,"column":32}},"17":{"start":{"line":38,"column":6},"end":{"line":38,"column":20}},"18":{"start":{"line":39,"column":6},"end":{"line":39,"column":58}},"19":{"start":{"line":40,"column":6},"end":{"line":40,"column":64}},"20":{"start":{"line":41,"column":6},"end":{"line":41,"column":33}},"21":{"start":{"line":42,"column":6},"end":{"line":42,"column":68}},"22":{"start":{"line":44,"column":6},"end":{"line":44,"column":49}},"23":{"start":{"line":45,"column":6},"end":{"line":45,"column":79}},"24":{"start":{"line":49,"column":2},"end":{"line":152,"column":4}},"25":{"start":{"line":67,"column":36},"end":{"line":67,"column":49}},"26":{"start":{"line":77,"column":36},"end":{"line":77,"column":50}},"27":{"start":{"line":89,"column":38},"end":{"line":89,"column":55}},"28":{"start":{"line":95,"column":31},"end":{"line":95,"column":61}},"29":{"start":{"line":117,"column":38},"end":{"line":117,"column":62}},"30":{"start":{"line":123,"column":31},"end":{"line":123,"column":61}},"31":{"start":{"line":146,"column":36},"end":{"line":146,"column":57}}},"fnMap":{"0":{"name":"SignUp","decl":{"start":{"line":14,"column":24},"end":{"line":14,"column":30}},"loc":{"start":{"line":14,"column":33},"end":{"line":153,"column":1}},"line":14},"1":{"name":"(anonymous_1)","decl":{"start":{"line":24,"column":17},"end":{"line":24,"column":18}},"loc":{"start":{"line":24,"column":29},"end":{"line":47,"column":3}},"line":24},"2":{"name":"(anonymous_2)","decl":{"start":{"line":67,"column":26},"end":{"line":67,"column":27}},"loc":{"start":{"line":67,"column":36},"end":{"line":67,"column":49}},"line":67},"3":{"name":"(anonymous_3)","decl":{"start":{"line":77,"column":26},"end":{"line":77,"column":27}},"loc":{"start":{"line":77,"column":36},"end":{"line":77,"column":50}},"line":77},"4":{"name":"(anonymous_4)","decl":{"start":{"line":89,"column":28},"end":{"line":89,"column":29}},"loc":{"start":{"line":89,"column":38},"end":{"line":89,"column":55}},"line":89},"5":{"name":"(anonymous_5)","decl":{"start":{"line":95,"column":25},"end":{"line":95,"column":26}},"loc":{"start":{"line":95,"column":31},"end":{"line":95,"column":61}},"line":95},"6":{"name":"(anonymous_6)","decl":{"start":{"line":117,"column":28},"end":{"line":117,"column":29}},"loc":{"start":{"line":117,"column":38},"end":{"line":117,"column":62}},"line":117},"7":{"name":"(anonymous_7)","decl":{"start":{"line":123,"column":25},"end":{"line":123,"column":26}},"loc":{"start":{"line":123,"column":31},"end":{"line":123,"column":61}},"line":123},"8":{"name":"(anonymous_8)","decl":{"start":{"line":146,"column":30},"end":{"line":146,"column":31}},"loc":{"start":{"line":146,"column":36},"end":{"line":146,"column":57}},"line":146}},"branchMap":{"0":{"loc":{"start":{"line":25,"column":4},"end":{"line":28,"column":5}},"type":"if","locations":[{"start":{"line":25,"column":4},"end":{"line":28,"column":5}},{"start":{},"end":{}}],"line":25},"1":{"loc":{"start":{"line":99,"column":26},"end":{"line":99,"column":58}},"type":"cond-expr","locations":[{"start":{"line":99,"column":41},"end":{"line":99,"column":50}},{"start":{"line":99,"column":53},"end":{"line":99,"column":58}}],"line":99},"2":{"loc":{"start":{"line":127,"column":26},"end":{"line":127,"column":58}},"type":"cond-expr","locations":[{"start":{"line":127,"column":41},"end":{"line":127,"column":50}},{"start":{"line":127,"column":53},"end":{"line":127,"column":58}}],"line":127}},"s":{"0":0,"1":0,"2":0,"3":0,"4":0,"5":0,"6":0,"7":0,"8":0,"9":0,"10":0,"11":0,"12":0,"13":0,"14":0,"15":0,"16":0,"17":0,"18":0,"19":0,"20":0,"21":0,"22":0,"23":0,"24":0,"25":0,"26":0,"27":0,"28":0,"29":0,"30":0,"31":0},"f":{"0":0,"1":0,"2":0,"3":0,"4":0,"5":0,"6":0,"7":0,"8":0},"b":{"0":[0,0],"1":[0,0],"2":[0,0]}}
,"/Users/osannadeng/bitequest/app/welcome.tsx": {"path":"/Users/osannadeng/bitequest/app/welcome.tsx","statementMap":{"0":{"start":{"line":9,"column":17},"end":{"line":9,"column":28}},"1":{"start":{"line":11,"column":2},"end":{"line":27,"column":4}},"2":{"start":{"line":16,"column":29},"end":{"line":16,"column":51}},"3":{"start":{"line":21,"column":29},"end":{"line":21,"column":50}}},"fnMap":{"0":{"name":"LogIn","decl":{"start":{"line":8,"column":24},"end":{"line":8,"column":29}},"loc":{"start":{"line":8,"column":32},"end":{"line":28,"column":1}},"line":8},"1":{"name":"(anonymous_1)","decl":{"start":{"line":16,"column":23},"end":{"line":16,"column":24}},"loc":{"start":{"line":16,"column":29},"end":{"line":16,"column":51}},"line":16},"2":{"name":"(anonymous_2)","decl":{"start":{"line":21,"column":23},"end":{"line":21,"column":24}},"loc":{"start":{"line":21,"column":29},"end":{"line":21,"column":50}},"line":21}},"branchMap":{},"s":{"0":0,"1":0,"2":0,"3":0},"f":{"0":0,"1":0,"2":0},"b":{}}
,"/Users/osannadeng/bitequest/app/(tabs)/_layout.tsx": {"path":"/Users/osannadeng/bitequest/app/(tabs)/_layout.tsx","statementMap":{"0":{"start":{"line":19,"column":2},"end":{"line":19,"column":76}},"1":{"start":{"line":23,"column":22},"end":{"line":23,"column":38}},"2":{"start":{"line":25,"column":18},"end":{"line":28,"column":4}},"3":{"start":{"line":30,"column":2},"end":{"line":99,"column":4}},"4":{"start":{"line":43,"column":12},"end":{"line":48,"column":14}},"5":{"start":{"line":58,"column":12},"end":{"line":63,"column":14}},"6":{"start":{"line":73,"column":12},"end":{"line":78,"column":14}},"7":{"start":{"line":88,"column":12},"end":{"line":93,"column":14}}},"fnMap":{"0":{"name":"TabBarIcon","decl":{"start":{"line":15,"column":9},"end":{"line":15,"column":19}},"loc":{"start":{"line":18,"column":3},"end":{"line":20,"column":1}},"line":18},"1":{"name":"TabLayout","decl":{"start":{"line":22,"column":24},"end":{"line":22,"column":33}},"loc":{"start":{"line":22,"column":36},"end":{"line":100,"column":1}},"line":22},"2":{"name":"(anonymous_2)","decl":{"start":{"line":42,"column":22},"end":{"line":42,"column":23}},"loc":{"start":{"line":43,"column":12},"end":{"line":48,"column":14}},"line":43},"3":{"name":"(anonymous_3)","decl":{"start":{"line":57,"column":22},"end":{"line":57,"column":23}},"loc":{"start":{"line":58,"column":12},"end":{"line":63,"column":14}},"line":58},"4":{"name":"(anonymous_4)","decl":{"start":{"line":72,"column":22},"end":{"line":72,"column":23}},"loc":{"start":{"line":73,"column":12},"end":{"line":78,"column":14}},"line":73},"5":{"name":"(anonymous_5)","decl":{"start":{"line":87,"column":22},"end":{"line":87,"column":23}},"loc":{"start":{"line":88,"column":12},"end":{"line":93,"column":14}},"line":88}},"branchMap":{"0":{"loc":{"start":{"line":33,"column":38},"end":{"line":33,"column":60}},"type":"binary-expr","locations":[{"start":{"line":33,"column":38},"end":{"line":33,"column":49}},{"start":{"line":33,"column":53},"end":{"line":33,"column":60}}],"line":33}},"s":{"0":0,"1":0,"2":0,"3":0,"4":0,"5":0,"6":0,"7":0},"f":{"0":0,"1":0,"2":0,"3":0,"4":0,"5":0},"b":{"0":[0,0]}}
,"/Users/osannadeng/bitequest/app/(tabs)/closet.tsx": {"path":"/Users/osannadeng/bitequest/app/(tabs)/closet.tsx","statementMap":{"0":{"start":{"line":8,"column":2},"end":{"line":47,"column":4}}},"fnMap":{"0":{"name":"Closet","decl":{"start":{"line":7,"column":24},"end":{"line":7,"column":30}},"loc":{"start":{"line":7,"column":33},"end":{"line":48,"column":1}},"line":7}},"branchMap":{},"s":{"0":0},"f":{"0":0},"b":{}}
,"/Users/osannadeng/bitequest/app/(tabs)/map.tsx": {"path":"/Users/osannadeng/bitequest/app/(tabs)/map.tsx","statementMap":{"0":{"start":{"line":17,"column":31},"end":{"line":17,"column":56}},"1":{"start":{"line":20,"column":17},"end":{"line":20,"column":28}},"2":{"start":{"line":21,"column":15},"end":{"line":21,"column":22}},"3":{"start":{"line":22,"column":32},"end":{"line":22,"column":51}},"4":{"start":{"line":23,"column":19},"end":{"line":23,"column":28}},"5":{"start":{"line":24,"column":28},"end":{"line":24,"column":56}},"6":{"start":{"line":25,"column":48},"end":{"line":25,"column":67}},"7":{"start":{"line":27,"column":2},"end":{"line":37,"column":9}},"8":{"start":{"line":28,"column":21},"end":{"line":34,"column":6}},"9":{"start":{"line":29,"column":6},"end":{"line":33,"column":7}},"10":{"start":{"line":30,"column":8},"end":{"line":30,"column":28}},"11":{"start":{"line":32,"column":8},"end":{"line":32,"column":34}},"12":{"start":{"line":36,"column":4},"end":{"line":36,"column":28}},"13":{"start":{"line":36,"column":17},"end":{"line":36,"column":27}},"14":{"start":{"line":39,"column":23},"end":{"line":86,"column":3}},"15":{"start":{"line":40,"column":4},"end":{"line":85,"column":5}},"16":{"start":{"line":41,"column":6},"end":{"line":80,"column":7}},"17":{"start":{"line":42,"column":18},"end":{"line":45,"column":9}},"18":{"start":{"line":46,"column":21},"end":{"line":46,"column":37}},"19":{"start":{"line":47,"column":28},"end":{"line":50,"column":11}},"20":{"start":{"line":47,"column":52},"end":{"line":50,"column":9}},"21":{"start":{"line":51,"column":8},"end":{"line":51,"column":58}},"22":{"start":{"line":52,"column":8},"end":{"line":52,"column":32}},"23":{"start":{"line":54,"column":25},"end":{"line":54,"column":34}},"24":{"start":{"line":55,"column":8},"end":{"line":70,"column":9}},"25":{"start":{"line":56,"column":10},"end":{"line":69,"column":11}},"26":{"start":{"line":57,"column":27},"end":{"line":59,"column":13}},"27":{"start":{"line":60,"column":12},"end":{"line":65,"column":14}},"28":{"start":{"line":66,"column":12},"end":{"line":68,"column":13}},"29":{"start":{"line":67,"column":14},"end":{"line":67,"column":35}},"30":{"start":{"line":72,"column":8},"end":{"line":72,"column":65}},"31":{"start":{"line":73,"column":8},"end":{"line":76,"column":10}},"32":{"start":{"line":77,"column":8},"end":{"line":77,"column":37}},"33":{"start":{"line":79,"column":8},"end":{"line":79,"column":56}},"34":{"start":{"line":82,"column":6},"end":{"line":82,"column":62}},"35":{"start":{"line":83,"column":6},"end":{"line":83,"column":21}},"36":{"start":{"line":84,"column":6},"end":{"line":84,"column":36}},"37":{"start":{"line":87,"column":31},"end":{"line":118,"column":3}},"38":{"start":{"line":88,"column":4},"end":{"line":116,"column":5}},"39":{"start":{"line":89,"column":23},"end":{"line":91,"column":7}},"40":{"start":{"line":92,"column":19},"end":{"line":92,"column":40}},"41":{"start":{"line":94,"column":6},"end":{"line":94,"column":75}},"42":{"start":{"line":96,"column":6},"end":{"line":113,"column":7}},"43":{"start":{"line":97,"column":34},"end":{"line":97,"column":68}},"44":{"start":{"line":98,"column":32},"end":{"line":100,"column":9}},"45":{"start":{"line":99,"column":10},"end":{"line":99,"column":65}},"46":{"start":{"line":101,"column":8},"end":{"line":110,"column":9}},"47":{"start":{"line":102,"column":29},"end":{"line":102,"column":77}},"48":{"start":{"line":103,"column":10},"end":{"line":108,"column":12}},"49":{"start":{"line":109,"column":10},"end":{"line":109,"column":28}},"50":{"start":{"line":112,"column":8},"end":{"line":112,"column":61}},"51":{"start":{"line":115,"column":6},"end":{"line":115,"column":74}},"52":{"start":{"line":117,"column":4},"end":{"line":117,"column":16}},"53":{"start":{"line":120,"column":2},"end":{"line":232,"column":4}},"54":{"start":{"line":137,"column":45},"end":{"line":137,"column":59}},"55":{"start":{"line":161,"column":32},"end":{"line":161,"column":50}},"56":{"start":{"line":162,"column":18},"end":{"line":162,"column":39}},"57":{"start":{"line":179,"column":38},"end":{"line":179,"column":69}},"58":{"start":{"line":181,"column":20},"end":{"line":190,"column":22}},"59":{"start":{"line":216,"column":27},"end":{"line":216,"column":49}}},"fnMap":{"0":{"name":"MapScreen","decl":{"start":{"line":19,"column":24},"end":{"line":19,"column":33}},"loc":{"start":{"line":19,"column":36},"end":{"line":233,"column":1}},"line":19},"1":{"name":"(anonymous_1)","decl":{"start":{"line":27,"column":12},"end":{"line":27,"column":13}},"loc":{"start":{"line":27,"column":18},"end":{"line":37,"column":3}},"line":27},"2":{"name":"(anonymous_2)","decl":{"start":{"line":28,"column":45},"end":{"line":28,"column":46}},"loc":{"start":{"line":28,"column":62},"end":{"line":34,"column":5}},"line":28},"3":{"name":"(anonymous_3)","decl":{"start":{"line":36,"column":11},"end":{"line":36,"column":12}},"loc":{"start":{"line":36,"column":17},"end":{"line":36,"column":27}},"line":36},"4":{"name":"(anonymous_4)","decl":{"start":{"line":39,"column":23},"end":{"line":39,"column":24}},"loc":{"start":{"line":39,"column":51},"end":{"line":86,"column":3}},"line":39},"5":{"name":"(anonymous_5)","decl":{"start":{"line":47,"column":42},"end":{"line":47,"column":43}},"loc":{"start":{"line":47,"column":52},"end":{"line":50,"column":9}},"line":47},"6":{"name":"(anonymous_6)","decl":{"start":{"line":87,"column":31},"end":{"line":87,"column":32}},"loc":{"start":{"line":87,"column":65},"end":{"line":118,"column":3}},"line":87},"7":{"name":"(anonymous_7)","decl":{"start":{"line":98,"column":55},"end":{"line":98,"column":56}},"loc":{"start":{"line":99,"column":10},"end":{"line":99,"column":65}},"line":99},"8":{"name":"(anonymous_8)","decl":{"start":{"line":137,"column":39},"end":{"line":137,"column":40}},"loc":{"start":{"line":137,"column":45},"end":{"line":137,"column":59}},"line":137},"9":{"name":"(anonymous_9)","decl":{"start":{"line":160,"column":18},"end":{"line":160,"column":19}},"loc":{"start":{"line":160,"column":24},"end":{"line":163,"column":17}},"line":160},"10":{"name":"(anonymous_10)","decl":{"start":{"line":178,"column":24},"end":{"line":178,"column":25}},"loc":{"start":{"line":178,"column":52},"end":{"line":191,"column":19}},"line":178},"11":{"name":"(anonymous_11)","decl":{"start":{"line":216,"column":21},"end":{"line":216,"column":22}},"loc":{"start":{"line":216,"column":27},"end":{"line":216,"column":49}},"line":216}},"branchMap":{"0":{"loc":{"start":{"line":29,"column":6},"end":{"line":33,"column":7}},"type":"if","locations":[{"start":{"line":29,"column":6},"end":{"line":33,"column":7}},{"start":{"line":31,"column":13},"end":{"line":33,"column":7}}],"line":29},"1":{"loc":{"start":{"line":40,"column":4},"end":{"line":85,"column":5}},"type":"if","locations":[{"start":{"line":40,"column":4},"end":{"line":85,"column":5}},{"start":{"line":81,"column":11},"end":{"line":85,"column":5}}],"line":40},"2":{"loc":{"start":{"line":56,"column":10},"end":{"line":69,"column":11}},"type":"if","locations":[{"start":{"line":56,"column":10},"end":{"line":69,"column":11}},{"start":{},"end":{}}],"line":56},"3":{"loc":{"start":{"line":66,"column":12},"end":{"line":68,"column":13}},"type":"if","locations":[{"start":{"line":66,"column":12},"end":{"line":68,"column":13}},{"start":{},"end":{}}],"line":66},"4":{"loc":{"start":{"line":96,"column":6},"end":{"line":113,"column":7}},"type":"if","locations":[{"start":{"line":96,"column":6},"end":{"line":113,"column":7}},{"start":{"line":111,"column":13},"end":{"line":113,"column":7}}],"line":96},"5":{"loc":{"start":{"line":96,"column":10},"end":{"line":96,"column":49}},"type":"binary-expr","locations":[{"start":{"line":96,"column":10},"end":{"line":96,"column":22}},{"start":{"line":96,"column":26},"end":{"line":96,"column":49}}],"line":96},"6":{"loc":{"start":{"line":101,"column":8},"end":{"line":110,"column":9}},"type":"if","locations":[{"start":{"line":101,"column":8},"end":{"line":110,"column":9}},{"start":{},"end":{}}],"line":101},"7":{"loc":{"start":{"line":161,"column":32},"end":{"line":161,"column":50}},"type":"binary-expr","locations":[{"start":{"line":161,"column":32},"end":{"line":161,"column":45}},{"start":{"line":161,"column":49},"end":{"line":161,"column":50}}],"line":161},"8":{"loc":{"start":{"line":185,"column":30},"end":{"line":185,"column":60}},"type":"cond-expr","locations":[{"start":{"line":185,"column":42},"end":{"line":185,"column":48}},{"start":{"line":185,"column":51},"end":{"line":185,"column":60}}],"line":185}},"s":{"0":0,"1":0,"2":0,"3":0,"4":0,"5":0,"6":0,"7":0,"8":0,"9":0,"10":0,"11":0,"12":0,"13":0,"14":0,"15":0,"16":0,"17":0,"18":0,"19":0,"20":0,"21":0,"22":0,"23":0,"24":0,"25":0,"26":0,"27":0,"28":0,"29":0,"30":0,"31":0,"32":0,"33":0,"34":0,"35":0,"36":0,"37":0,"38":0,"39":0,"40":0,"41":0,"42":0,"43":0,"44":0,"45":0,"46":0,"47":0,"48":0,"49":0,"50":0,"51":0,"52":0,"53":0,"54":0,"55":0,"56":0,"57":0,"58":0,"59":0},"f":{"0":0,"1":0,"2":0,"3":0,"4":0,"5":0,"6":0,"7":0,"8":0,"9":0,"10":0,"11":0},"b":{"0":[0,0],"1":[0,0],"2":[0,0],"3":[0,0],"4":[0,0],"5":[0,0],"6":[0,0],"7":[0,0],"8":[0,0]}}
,"/Users/osannadeng/bitequest/app/(tabs)/profile.tsx": {"path":"/Users/osannadeng/bitequest/app/(tabs)/profile.tsx","statementMap":{"0":{"start":{"line":32,"column":6},"end":{"line":32,"column":17}},"1":{"start":{"line":33,"column":32},"end":{"line":33,"column":47}},"2":{"start":{"line":34,"column":25},"end":{"line":34,"column":64}},"3":{"start":{"line":36,"column":2},"end":{"line":147,"column":4}},"4":{"start":{"line":41,"column":25},"end":{"line":41,"column":59}},"5":{"start":{"line":59,"column":10},"end":{"line":108,"column":28}},"6":{"start":{"line":86,"column":20},"end":{"line":92,"column":22}},"7":{"start":{"line":96,"column":51},"end":{"line":96,"column":74}},"8":{"start":{"line":111,"column":43},"end":{"line":111,"column":59}}},"fnMap":{"0":{"name":"Profile","decl":{"start":{"line":15,"column":24},"end":{"line":15,"column":31}},"loc":{"start":{"line":15,"column":34},"end":{"line":148,"column":1}},"line":15},"1":{"name":"(anonymous_1)","decl":{"start":{"line":41,"column":19},"end":{"line":41,"column":20}},"loc":{"start":{"line":41,"column":25},"end":{"line":41,"column":59}},"line":41},"2":{"name":"(anonymous_2)","decl":{"start":{"line":58,"column":28},"end":{"line":58,"column":29}},"loc":{"start":{"line":59,"column":10},"end":{"line":108,"column":28}},"line":59},"3":{"name":"(anonymous_3)","decl":{"start":{"line":85,"column":39},"end":{"line":85,"column":40}},"loc":{"start":{"line":86,"column":20},"end":{"line":92,"column":22}},"line":86},"4":{"name":"(anonymous_4)","decl":{"start":{"line":96,"column":45},"end":{"line":96,"column":46}},"loc":{"start":{"line":96,"column":51},"end":{"line":96,"column":74}},"line":96},"5":{"name":"(anonymous_5)","decl":{"start":{"line":111,"column":37},"end":{"line":111,"column":38}},"loc":{"start":{"line":111,"column":43},"end":{"line":111,"column":59}},"line":111}},"branchMap":{"0":{"loc":{"start":{"line":34,"column":25},"end":{"line":34,"column":64}},"type":"cond-expr","locations":[{"start":{"line":34,"column":35},"end":{"line":34,"column":42}},{"start":{"line":34,"column":45},"end":{"line":34,"column":64}}],"line":34},"1":{"loc":{"start":{"line":90,"column":29},"end":{"line":90,"column":71}},"type":"cond-expr","locations":[{"start":{"line":90,"column":53},"end":{"line":90,"column":62}},{"start":{"line":90,"column":65},"end":{"line":90,"column":71}}],"line":90},"2":{"loc":{"start":{"line":110,"column":9},"end":{"line":118,"column":9}},"type":"binary-expr","locations":[{"start":{"line":110,"column":9},"end":{"line":110,"column":17}},{"start":{"line":111,"column":10},"end":{"line":117,"column":29}}],"line":110}},"s":{"0":0,"1":0,"2":0,"3":0,"4":0,"5":0,"6":0,"7":0,"8":0},"f":{"0":0,"1":0,"2":0,"3":0,"4":0,"5":0},"b":{"0":[0,0],"1":[0,0],"2":[0,0]}}
,"/Users/osannadeng/bitequest/app/(tabs)/shop.tsx": {"path":"/Users/osannadeng/bitequest/app/(tabs)/shop.tsx","statementMap":{"0":{"start":{"line":24,"column":28},"end":{"line":24,"column":45}},"1":{"start":{"line":25,"column":25},"end":{"line":25,"column":55}},"2":{"start":{"line":26,"column":49},"end":{"line":26,"column":66}},"3":{"start":{"line":28,"column":2},"end":{"line":30,"column":9}},"4":{"start":{"line":29,"column":4},"end":{"line":29,"column":21}},"5":{"start":{"line":32,"column":25},"end":{"line":41,"column":3}},"6":{"start":{"line":33,"column":17},"end":{"line":33,"column":46}},"7":{"start":{"line":35,"column":22},"end":{"line":38,"column":7}},"8":{"start":{"line":35,"column":46},"end":{"line":38,"column":5}},"9":{"start":{"line":40,"column":4},"end":{"line":40,"column":24}},"10":{"start":{"line":43,"column":2},"end":{"line":104,"column":4}},"11":{"start":{"line":65,"column":12},"end":{"line":99,"column":19}},"12":{"start":{"line":80,"column":31},"end":{"line":80,"column":49}}},"fnMap":{"0":{"name":"ShopScreen","decl":{"start":{"line":23,"column":24},"end":{"line":23,"column":34}},"loc":{"start":{"line":23,"column":37},"end":{"line":105,"column":1}},"line":23},"1":{"name":"(anonymous_1)","decl":{"start":{"line":28,"column":12},"end":{"line":28,"column":13}},"loc":{"start":{"line":28,"column":18},"end":{"line":30,"column":3}},"line":28},"2":{"name":"(anonymous_2)","decl":{"start":{"line":32,"column":25},"end":{"line":32,"column":26}},"loc":{"start":{"line":32,"column":37},"end":{"line":41,"column":3}},"line":32},"3":{"name":"(anonymous_3)","decl":{"start":{"line":35,"column":36},"end":{"line":35,"column":37}},"loc":{"start":{"line":35,"column":46},"end":{"line":38,"column":5}},"line":35},"4":{"name":"(anonymous_4)","decl":{"start":{"line":64,"column":21},"end":{"line":64,"column":22}},"loc":{"start":{"line":65,"column":12},"end":{"line":99,"column":19}},"line":65},"5":{"name":"(anonymous_5)","decl":{"start":{"line":80,"column":25},"end":{"line":80,"column":26}},"loc":{"start":{"line":80,"column":31},"end":{"line":80,"column":49}},"line":80}},"branchMap":{"0":{"loc":{"start":{"line":95,"column":17},"end":{"line":97,"column":17}},"type":"binary-expr","locations":[{"start":{"line":95,"column":17},"end":{"line":95,"column":44}},{"start":{"line":96,"column":18},"end":{"line":96,"column":63}}],"line":95}},"s":{"0":0,"1":0,"2":0,"3":0,"4":0,"5":0,"6":0,"7":0,"8":0,"9":0,"10":0,"11":0,"12":0},"f":{"0":0,"1":0,"2":0,"3":0,"4":0,"5":0},"b":{"0":[0,0]}}
}
