TN:
SF:app/+html.tsx
FN:7,Root
FNF:1
FNH:0
FNDA:0,Root
DA:8,0
DA:33,0
LF:2
LH:0
BRF:0
BRH:0
end_of_record
TN:
SF:app/+not-found.tsx
FN:6,NotFoundScreen
FNF:1
FNH:0
FNDA:0,NotFoundScreen
DA:7,0
DA:21,0
LF:2
LH:0
BRF:0
BRH:0
end_of_record
TN:
SF:app/_layout.tsx
FN:31,RootLayout
FN:38,(anonymous_1)
FN:42,(anonymous_2)
FN:55,RootLayoutNav
FNF:4
FNH:0
FNDA:0,RootLayout
FNDA:0,(anonymous_1)
FNDA:0,(anonymous_2)
FNDA:0,RootLayoutNav
DA:23,0
DA:29,0
DA:32,0
DA:38,0
DA:39,0
DA:42,0
DA:43,0
DA:44,0
DA:48,0
DA:49,0
DA:52,0
DA:56,0
DA:58,0
LF:13
LH:0
BRDA:39,0,0,0
BRDA:39,0,1,0
BRDA:43,1,0,0
BRDA:43,1,1,0
BRDA:48,2,0,0
BRDA:48,2,1,0
BRDA:60,3,0,0
BRDA:60,3,1,0
BRF:8
BRH:0
end_of_record
TN:
SF:app/appprovider.tsx
FN:9,(anonymous_0)
FN:12,(anonymous_1)
FN:22,(anonymous_2)
FNF:3
FNH:0
FNDA:0,(anonymous_0)
FNDA:0,(anonymous_1)
FNDA:0,(anonymous_2)
DA:4,0
DA:12,0
DA:13,0
DA:15,0
DA:22,0
LF:5
LH:0
BRF:0
BRH:0
end_of_record
TN:
SF:app/forgotpassword.tsx
FN:11,ForgotPassword
FN:15,(anonymous_1)
FNF:2
FNH:0
FNDA:0,ForgotPassword
FNDA:0,(anonymous_1)
DA:12,0
DA:13,0
DA:14,0
DA:15,0
DA:16,0
DA:17,0
DA:18,0
DA:19,0
DA:21,0
DA:24,0
LF:10
LH:0
BRF:0
BRH:0
end_of_record
TN:
SF:app/index.tsx
FN:11,Loading
FN:19,(anonymous_1)
FN:20,(anonymous_2)
FN:23,(anonymous_3)
FNF:4
FNH:3
FNDA:2,Loading
FNDA:1,(anonymous_1)
FNDA:0,(anonymous_2)
FNDA:1,(anonymous_3)
DA:7,1
DA:12,2
DA:14,2
DA:19,2
DA:20,1
DA:21,0
DA:23,1
DA:26,2
LF:8
LH:7
BRF:0
BRH:0
end_of_record
TN:
SF:app/login.tsx
FN:17,LogIn
FN:29,(anonymous_1)
FN:52,toggleCheckedState
FN:53,(anonymous_3)
FN:55,(anonymous_4)
FN:80,(anonymous_5)
FN:92,(anonymous_6)
FN:98,(anonymous_7)
FN:126,(anonymous_8)
FN:138,(anonymous_9)
FNF:10
FNH:0
FNDA:0,LogIn
FNDA:0,(anonymous_1)
FNDA:0,toggleCheckedState
FNDA:0,(anonymous_3)
FNDA:0,(anonymous_4)
FNDA:0,(anonymous_5)
FNDA:0,(anonymous_6)
FNDA:0,(anonymous_7)
FNDA:0,(anonymous_8)
FNDA:0,(anonymous_9)
DA:18,0
DA:19,0
DA:20,0
DA:21,0
DA:22,0
DA:23,0
DA:25,0
DA:29,0
DA:30,0
DA:31,0
DA:32,0
DA:33,0
DA:34,0
DA:35,0
DA:36,0
DA:37,0
DA:38,0
DA:39,0
DA:41,0
DA:43,0
DA:44,0
DA:45,0
DA:47,0
DA:48,0
DA:53,0
DA:54,0
DA:55,0
DA:62,0
DA:80,0
DA:92,0
DA:98,0
DA:126,0
DA:138,0
LF:33
LH:0
BRDA:32,0,0,0
BRDA:32,0,1,0
BRDA:34,1,0,0
BRDA:34,1,1,0
BRDA:36,2,0,0
BRDA:36,2,1,0
BRDA:102,3,0,0
BRDA:102,3,1,0
BRF:8
BRH:0
end_of_record
TN:
SF:app/modal.tsx
FN:7,ModalScreen
FNF:1
FNH:0
FNDA:0,ModalScreen
DA:8,0
DA:24,0
LF:2
LH:0
BRDA:19,0,0,0
BRDA:19,0,1,0
BRF:2
BRH:0
end_of_record
TN:
SF:app/review.tsx
FN:24,Review
FN:48,(anonymous_1)
FN:70,(anonymous_2)
FN:82,(anonymous_3)
FN:92,(anonymous_4)
FN:100,(anonymous_5)
FN:102,(anonymous_6)
FN:123,(anonymous_7)
FN:129,(anonymous_8)
FNF:9
FNH:0
FNDA:0,Review
FNDA:0,(anonymous_1)
FNDA:0,(anonymous_2)
FNDA:0,(anonymous_3)
FNDA:0,(anonymous_4)
FNDA:0,(anonymous_5)
FNDA:0,(anonymous_6)
FNDA:0,(anonymous_7)
FNDA:0,(anonymous_8)
DA:42,0
DA:43,0
DA:45,0
DA:48,0
DA:70,0
DA:83,0
DA:84,0
DA:92,0
DA:101,0
DA:102,0
DA:124,0
DA:129,0
LF:12
LH:0
BRDA:65,0,0,0
BRDA:65,0,1,0
BRDA:89,1,0,0
BRDA:89,1,1,0
BRDA:89,1,2,0
BRDA:128,2,0,0
BRDA:128,2,1,0
BRDA:154,3,0,0
BRDA:154,3,1,0
BRF:9
BRH:0
end_of_record
TN:
SF:app/signup.tsx
FN:14,SignUp
FN:24,(anonymous_1)
FN:67,(anonymous_2)
FN:77,(anonymous_3)
FN:89,(anonymous_4)
FN:95,(anonymous_5)
FN:117,(anonymous_6)
FN:123,(anonymous_7)
FN:146,(anonymous_8)
FNF:9
FNH:0
FNDA:0,SignUp
FNDA:0,(anonymous_1)
FNDA:0,(anonymous_2)
FNDA:0,(anonymous_3)
FNDA:0,(anonymous_4)
FNDA:0,(anonymous_5)
FNDA:0,(anonymous_6)
FNDA:0,(anonymous_7)
FNDA:0,(anonymous_8)
DA:15,0
DA:16,0
DA:17,0
DA:18,0
DA:19,0
DA:20,0
DA:21,0
DA:22,0
DA:24,0
DA:25,0
DA:26,0
DA:27,0
DA:29,0
DA:30,0
DA:35,0
DA:36,0
DA:37,0
DA:38,0
DA:39,0
DA:40,0
DA:41,0
DA:42,0
DA:44,0
DA:45,0
DA:49,0
DA:67,0
DA:77,0
DA:89,0
DA:95,0
DA:117,0
DA:123,0
DA:146,0
LF:32
LH:0
BRDA:25,0,0,0
BRDA:25,0,1,0
BRDA:99,1,0,0
BRDA:99,1,1,0
BRDA:127,2,0,0
BRDA:127,2,1,0
BRF:6
BRH:0
end_of_record
TN:
SF:app/welcome.tsx
FN:8,LogIn
FN:16,(anonymous_1)
FN:21,(anonymous_2)
FNF:3
FNH:0
FNDA:0,LogIn
FNDA:0,(anonymous_1)
FNDA:0,(anonymous_2)
DA:9,0
DA:11,0
DA:16,0
DA:21,0
LF:4
LH:0
BRF:0
BRH:0
end_of_record
TN:
SF:app/(tabs)/_layout.tsx
FN:15,TabBarIcon
FN:22,TabLayout
FN:42,(anonymous_2)
FN:57,(anonymous_3)
FN:72,(anonymous_4)
FN:87,(anonymous_5)
FNF:6
FNH:0
FNDA:0,TabBarIcon
FNDA:0,TabLayout
FNDA:0,(anonymous_2)
FNDA:0,(anonymous_3)
FNDA:0,(anonymous_4)
FNDA:0,(anonymous_5)
DA:19,0
DA:23,0
DA:25,0
DA:30,0
DA:43,0
DA:58,0
DA:73,0
DA:88,0
LF:8
LH:0
BRDA:33,0,0,0
BRDA:33,0,1,0
BRF:2
BRH:0
end_of_record
TN:
SF:app/(tabs)/closet.tsx
FN:7,Closet
FNF:1
FNH:0
FNDA:0,Closet
DA:8,0
LF:1
LH:0
BRF:0
BRH:0
end_of_record
TN:
SF:app/(tabs)/map.tsx
FN:19,MapScreen
FN:27,(anonymous_1)
FN:28,(anonymous_2)
FN:36,(anonymous_3)
FN:39,(anonymous_4)
FN:47,(anonymous_5)
FN:87,(anonymous_6)
FN:98,(anonymous_7)
FN:137,(anonymous_8)
FN:160,(anonymous_9)
FN:178,(anonymous_10)
FN:216,(anonymous_11)
FNF:12
FNH:0
FNDA:0,MapScreen
FNDA:0,(anonymous_1)
FNDA:0,(anonymous_2)
FNDA:0,(anonymous_3)
FNDA:0,(anonymous_4)
FNDA:0,(anonymous_5)
FNDA:0,(anonymous_6)
FNDA:0,(anonymous_7)
FNDA:0,(anonymous_8)
FNDA:0,(anonymous_9)
FNDA:0,(anonymous_10)
FNDA:0,(anonymous_11)
DA:17,0
DA:20,0
DA:21,0
DA:22,0
DA:23,0
DA:24,0
DA:25,0
DA:27,0
DA:28,0
DA:29,0
DA:30,0
DA:32,0
DA:36,0
DA:39,0
DA:40,0
DA:41,0
DA:42,0
DA:46,0
DA:47,0
DA:51,0
DA:52,0
DA:54,0
DA:55,0
DA:56,0
DA:57,0
DA:60,0
DA:66,0
DA:67,0
DA:72,0
DA:73,0
DA:77,0
DA:79,0
DA:82,0
DA:83,0
DA:84,0
DA:87,0
DA:88,0
DA:89,0
DA:92,0
DA:94,0
DA:96,0
DA:97,0
DA:98,0
DA:99,0
DA:101,0
DA:102,0
DA:103,0
DA:109,0
DA:112,0
DA:115,0
DA:117,0
DA:120,0
DA:137,0
DA:161,0
DA:162,0
DA:179,0
DA:181,0
DA:216,0
LF:58
LH:0
BRDA:29,0,0,0
BRDA:29,0,1,0
BRDA:40,1,0,0
BRDA:40,1,1,0
BRDA:56,2,0,0
BRDA:56,2,1,0
BRDA:66,3,0,0
BRDA:66,3,1,0
BRDA:96,4,0,0
BRDA:96,4,1,0
BRDA:96,5,0,0
BRDA:96,5,1,0
BRDA:101,6,0,0
BRDA:101,6,1,0
BRDA:161,7,0,0
BRDA:161,7,1,0
BRDA:185,8,0,0
BRDA:185,8,1,0
BRF:18
BRH:0
end_of_record
TN:
SF:app/(tabs)/profile.tsx
FN:15,Profile
FN:41,(anonymous_1)
FN:58,(anonymous_2)
FN:85,(anonymous_3)
FN:96,(anonymous_4)
FN:111,(anonymous_5)
FNF:6
FNH:0
FNDA:0,Profile
FNDA:0,(anonymous_1)
FNDA:0,(anonymous_2)
FNDA:0,(anonymous_3)
FNDA:0,(anonymous_4)
FNDA:0,(anonymous_5)
DA:32,0
DA:33,0
DA:34,0
DA:36,0
DA:41,0
DA:59,0
DA:86,0
DA:96,0
DA:111,0
LF:9
LH:0
BRDA:34,0,0,0
BRDA:34,0,1,0
BRDA:90,1,0,0
BRDA:90,1,1,0
BRDA:110,2,0,0
BRDA:110,2,1,0
BRF:6
BRH:0
end_of_record
TN:
SF:app/(tabs)/shop.tsx
FN:23,ShopScreen
FN:28,(anonymous_1)
FN:32,(anonymous_2)
FN:35,(anonymous_3)
FN:64,(anonymous_4)
FN:80,(anonymous_5)
FNF:6
FNH:0
FNDA:0,ShopScreen
FNDA:0,(anonymous_1)
FNDA:0,(anonymous_2)
FNDA:0,(anonymous_3)
FNDA:0,(anonymous_4)
FNDA:0,(anonymous_5)
DA:24,0
DA:25,0
DA:26,0
DA:28,0
DA:29,0
DA:32,0
DA:33,0
DA:35,0
DA:40,0
DA:43,0
DA:65,0
DA:80,0
LF:12
LH:0
BRDA:95,0,0,0
BRDA:95,0,1,0
BRF:2
BRH:0
end_of_record
